<?xml version="1.0" encoding="UTF-8"?>
<robot generator="Robot 7.3.2 (Python 3.13.2 on win32)" generated="2025-07-20T20:36:12.275361" rpa="false" schemaversion="5">
<suite id="s1" name="Test Search" source="C:\Users\rahul\testflix-automation-framework\tests\ui\test_search.robot">
<test id="s1-t1" name="Test Product Search" line="10">
<kw name="Open Website" owner="ui_keywords">
<kw name="Open Browser" owner="SeleniumLibrary">
<msg time="2025-07-20T20:36:12.456807" level="INFO">Opening browser 'chrome' to base url 'https://automationexercise.com'.</msg>
<arg>${URL}</arg>
<arg>chrome</arg>
<doc>Opens a new browser instance to the optional ``url``.</doc>
<status status="PASS" start="2025-07-20T20:36:12.456649" elapsed="2.792655"/>
</kw>
<kw name="Maximize Browser Window" owner="SeleniumLibrary">
<doc>Maximizes current browser window.</doc>
<status status="PASS" start="2025-07-20T20:36:15.249480" elapsed="0.018977"/>
</kw>
<status status="PASS" start="2025-07-20T20:36:12.456135" elapsed="2.812421"/>
</kw>
<kw name="Handle Cookie Consent" owner="ui_keywords">
<kw name="Wait Until Element Is Visible" owner="SeleniumLibrary">
<arg>xpath=//*[contains(@class, "fc-button-label") and contains(text(), "Consent")]</arg>
<arg>timeout=10s</arg>
<doc>Waits until the element ``locator`` is visible.</doc>
<status status="PASS" start="2025-07-20T20:36:15.269065" elapsed="0.012798"/>
</kw>
<kw name="Click Element" owner="SeleniumLibrary">
<msg time="2025-07-20T20:36:15.282151" level="INFO">Clicking element 'xpath=//*[contains(@class, "fc-button-label") and contains(text(), "Consent")]'.</msg>
<arg>xpath=//*[contains(@class, "fc-button-label") and contains(text(), "Consent")]</arg>
<doc>Click the element identified by ``locator``.</doc>
<status status="PASS" start="2025-07-20T20:36:15.282000" elapsed="0.059905"/>
</kw>
<status status="PASS" start="2025-07-20T20:36:15.268781" elapsed="0.073230"/>
</kw>
<kw name="Search For Product" owner="ui_keywords">
<kw name="Click Element" owner="SeleniumLibrary">
<msg time="2025-07-20T20:36:15.342608" level="INFO">Clicking element 'xpath://a[@href="/products"]'.</msg>
<arg>xpath:${PRODUCT_LINK_PAGE}</arg>
<doc>Click the element identified by ``locator``.</doc>
<status status="PASS" start="2025-07-20T20:36:15.342465" elapsed="3.372863"/>
</kw>
<kw name="Input Text" owner="SeleniumLibrary">
<msg time="2025-07-20T20:36:18.715638" level="INFO">Typing text 'Tshirt' into text field 'xpath://*[@id='search_product']'.</msg>
<arg>xpath:${SEARCH_INPUT}</arg>
<arg>${product}</arg>
<doc>Types the given ``text`` into the text field identified by ``locator``.</doc>
<status status="PASS" start="2025-07-20T20:36:18.715457" elapsed="0.043381"/>
</kw>
<kw name="Click Button" owner="SeleniumLibrary">
<msg time="2025-07-20T20:36:18.759219" level="INFO">Clicking button 'xpath://*[@id='submit_search']'.</msg>
<arg>xpath:${SEARCH_BUTTON}</arg>
<doc>Clicks the button identified by ``locator``.</doc>
<status status="PASS" start="2025-07-20T20:36:18.759000" elapsed="1.354878"/>
</kw>
<arg>Tshirt</arg>
<status status="PASS" start="2025-07-20T20:36:15.342263" elapsed="4.771704"/>
</kw>
<kw name="Verify Product Results Visible" owner="ui_keywords">
<kw name="Wait Until Element Is Visible" owner="SeleniumLibrary">
<arg>xpath:${RESULT_DIV}</arg>
<arg>timeout=10s</arg>
<doc>Waits until the element ``locator`` is visible.</doc>
<status status="PASS" start="2025-07-20T20:36:20.114403" elapsed="0.009560"/>
</kw>
<kw name="Element Should Be Visible" owner="SeleniumLibrary">
<msg time="2025-07-20T20:36:20.131289" level="INFO">Element 'xpath://div[@class='features_items']' is displayed.</msg>
<arg>xpath:${RESULT_DIV}</arg>
<doc>Verifies that the element identified by ``locator`` is visible.</doc>
<status status="PASS" start="2025-07-20T20:36:20.124079" elapsed="0.007291"/>
</kw>
<status status="PASS" start="2025-07-20T20:36:20.114207" elapsed="0.017242"/>
</kw>
<status status="PASS" start="2025-07-20T20:36:12.455640" elapsed="7.676000"/>
</test>
<status status="PASS" start="2025-07-20T20:36:12.276231" elapsed="7.855888"/>
</suite>
<statistics>
<total>
<stat pass="1" fail="0" skip="0">All Tests</stat>
</total>
<tag>
</tag>
<suite>
<stat name="Test Search" id="s1" pass="1" fail="0" skip="0">Test Search</stat>
</suite>
</statistics>
<errors>
</errors>
</robot>
