<?xml version="1.0" encoding="UTF-8"?>
<robot generator="Robot 7.3.2 (Python 3.13.2 on win32)" generated="2025-07-20T21:27:22.649766" rpa="false" schemaversion="5">
<suite id="s1" name="Test Search" source="C:\Users\rahul\testflix-automation-framework\tests\ui\test_search.robot">
<test id="s1-t1" name="Test Product Search" line="10">
<kw name="Open Website" owner="ui_keywords">
<kw name="Get Current Date" owner="DateTime">
<msg time="2025-07-20T21:27:22.803641" level="INFO">${timestamp} = 20250720_212722_803573</msg>
<var>${timestamp}</var>
<arg>result_format=%Y%m%d_%H%M%S_%f</arg>
<doc>Returns current local or UTC time with an optional increment.</doc>
<status status="PASS" start="2025-07-20T21:27:22.803472" elapsed="0.000196"/>
</kw>
<kw name="Get Environment Variable" owner="OperatingSystem">
<msg time="2025-07-20T21:27:22.804061" level="INFO">${is_ci} = </msg>
<var>${is_ci}</var>
<arg>CI</arg>
<arg>${EMPTY}</arg>
<doc>Returns the value of an environment variable with the given name.</doc>
<status status="PASS" start="2025-07-20T21:27:22.803753" elapsed="0.000328"/>
</kw>
<kw name="Set Variable If" owner="BuiltIn">
<msg time="2025-07-20T21:27:22.804309" level="INFO">${user_data_dir} = C:/temp/chrome_profile_20250720_212722_803573</msg>
<var>${user_data_dir}</var>
<arg>'${is_ci}' != ''</arg>
<arg>/tmp/chrome_profile_${timestamp}</arg>
<arg>C:/temp/chrome_profile_${timestamp}</arg>
<doc>Sets variable based on the given condition.</doc>
<status status="PASS" start="2025-07-20T21:27:22.804165" elapsed="0.000168"/>
</kw>
<kw name="Set Variable If" owner="BuiltIn">
<msg time="2025-07-20T21:27:22.804695" level="INFO">${headless_option} = </msg>
<var>${headless_option}</var>
<arg>'${is_ci}' != ''</arg>
<arg>;add_argument("--headless")</arg>
<arg>${EMPTY}</arg>
<doc>Sets variable based on the given condition.</doc>
<status status="PASS" start="2025-07-20T21:27:22.804411" elapsed="0.000301"/>
</kw>
<kw name="Open Browser" owner="SeleniumLibrary">
<msg time="2025-07-20T21:27:22.804944" level="INFO">Opening browser 'chrome' to base url 'https://automationexercise.com'.</msg>
<arg>${URL}</arg>
<arg>chrome</arg>
<arg>options=add_argument("--user-data-dir=${user_data_dir}");add_argument("--no-sandbox");add_argument("--disable-dev-shm-usage");add_argument("--disable-extensions");add_argument("--disable-gpu");add_argument("--remote-debugging-port=0")${headless_option}</arg>
<doc>Opens a new browser instance to the optional ``url``.</doc>
<status status="PASS" start="2025-07-20T21:27:22.804785" elapsed="3.705669"/>
</kw>
<kw name="Maximize Browser Window" owner="SeleniumLibrary">
<doc>Maximizes current browser window.</doc>
<status status="PASS" start="2025-07-20T21:27:26.510606" elapsed="0.020953"/>
</kw>
<status status="PASS" start="2025-07-20T21:27:22.802960" elapsed="3.728695"/>
</kw>
<kw name="Handle Cookie Consent" owner="ui_keywords">
<kw name="Wait Until Element Is Visible" owner="SeleniumLibrary">
<arg>xpath=//*[contains(@class, "fc-button-label") and contains(text(), "Consent")]</arg>
<arg>timeout=10s</arg>
<doc>Waits until the element ``locator`` is visible.</doc>
<status status="PASS" start="2025-07-20T21:27:26.532060" elapsed="0.029266"/>
</kw>
<kw name="Click Element" owner="SeleniumLibrary">
<msg time="2025-07-20T21:27:26.561685" level="INFO">Clicking element 'xpath=//*[contains(@class, "fc-button-label") and contains(text(), "Consent")]'.</msg>
<arg>xpath=//*[contains(@class, "fc-button-label") and contains(text(), "Consent")]</arg>
<doc>Click the element identified by ``locator``.</doc>
<status status="PASS" start="2025-07-20T21:27:26.561509" elapsed="0.057568"/>
</kw>
<status status="PASS" start="2025-07-20T21:27:26.531878" elapsed="0.087311"/>
</kw>
<kw name="Search For Product" owner="ui_keywords">
<kw name="Click Element" owner="SeleniumLibrary">
<msg time="2025-07-20T21:27:26.619744" level="INFO">Clicking element 'xpath://a[@href="/products"]'.</msg>
<arg>xpath:${PRODUCT_LINK_PAGE}</arg>
<doc>Click the element identified by ``locator``.</doc>
<status status="PASS" start="2025-07-20T21:27:26.619620" elapsed="1.653842"/>
</kw>
<kw name="Input Text" owner="SeleniumLibrary">
<msg time="2025-07-20T21:27:28.273853" level="INFO">Typing text 'Tshirt' into text field 'xpath://*[@id='search_product']'.</msg>
<arg>xpath:${SEARCH_INPUT}</arg>
<arg>${product}</arg>
<doc>Types the given ``text`` into the text field identified by ``locator``.</doc>
<status status="PASS" start="2025-07-20T21:27:28.273615" elapsed="0.049778"/>
</kw>
<kw name="Click Button" owner="SeleniumLibrary">
<msg time="2025-07-20T21:27:28.323829" level="INFO">Clicking button 'xpath://*[@id='submit_search']'.</msg>
<arg>xpath:${SEARCH_BUTTON}</arg>
<doc>Clicks the button identified by ``locator``.</doc>
<status status="PASS" start="2025-07-20T21:27:28.323586" elapsed="8.514520"/>
</kw>
<arg>Tshirt</arg>
<status status="PASS" start="2025-07-20T21:27:26.619438" elapsed="10.218748"/>
</kw>
<kw name="Verify Product Results Visible" owner="ui_keywords">
<kw name="Wait Until Element Is Visible" owner="SeleniumLibrary">
<arg>xpath:${RESULT_DIV}</arg>
<arg>timeout=10s</arg>
<doc>Waits until the element ``locator`` is visible.</doc>
<status status="PASS" start="2025-07-20T21:27:36.838578" elapsed="0.010570"/>
</kw>
<kw name="Element Should Be Visible" owner="SeleniumLibrary">
<msg time="2025-07-20T21:27:36.855084" level="INFO">Element 'xpath://div[@class='features_items']' is displayed.</msg>
<arg>xpath:${RESULT_DIV}</arg>
<doc>Verifies that the element identified by ``locator`` is visible.</doc>
<status status="PASS" start="2025-07-20T21:27:36.849292" elapsed="0.005843"/>
</kw>
<status status="PASS" start="2025-07-20T21:27:36.838404" elapsed="0.016785"/>
</kw>
<status status="PASS" start="2025-07-20T21:27:22.802512" elapsed="14.052858"/>
</test>
<status status="PASS" start="2025-07-20T21:27:22.650553" elapsed="14.205225"/>
</suite>
<statistics>
<total>
<stat pass="1" fail="0" skip="0">All Tests</stat>
</total>
<tag>
</tag>
<suite>
<stat name="Test Search" id="s1" pass="1" fail="0" skip="0">Test Search</stat>
</suite>
</statistics>
<errors>
</errors>
</robot>
